<?xml version="1.0" encoding="UTF-8"?>
<!-- Generated by org.testng.reporters.JUnitXMLReporter -->
<testsuite ignored="1" hostname="tejal" failures="0" tests="5" name="CrossBrowser" time="57.557" errors="0" timestamp="2023-06-16T18:52:08 IST">
  <testcase classname="com.EcommerseApplication.testCases.SearchTest" name="Tc_001_verifySearchWithExistingProduct" time="0.768"/>
  <testcase classname="com.EcommerseApplication.testCases.SearchTest" name="Tc_002_verifySearchWithNonExistingProduct" time="3.462"/>
  <testcase classname="com.EcommerseApplication.testCases.SearchTest" name="Tc_003_verifySearchWithoutEntringProduct" time="3.444"/>
  <testcase classname="com.EcommerseApplication.testCases.SearchTest" name="Tc_006_verifySearchWithoutEntringProductForPlaceholder" time="3.554"/>
  <testcase classname="com.EcommerseApplication.testCases.SearchTest" name="TC_Sf_007_Searchusing_serachcriteria_textbox" time="4.087"/>
  <testcase classname="com.EcommerseApplication.testCases.SearchTest" name="TC_004_VeriftSearchproductAfterLogin" time="0.0">
    <ignored/>
  </testcase> <!-- TC_004_VeriftSearchproductAfterLogin -->
</testsuite> <!-- CrossBrowser -->
