<?xml version="1.0" encoding="UTF-8"?>
<testng-results ignored="1" total="6" passed="5" failed="0" skipped="0">
  <reporter-output>
  </reporter-output>
  <suite started-at="2023-06-16T18:51:10 IST" name="Suite" finished-at="2023-06-16T18:52:08 IST" duration-ms="57557">
    <groups>
    </groups>
    <test started-at="2023-06-16T18:51:10 IST" name="CrossBrowser" finished-at="2023-06-16T18:52:08 IST" duration-ms="57557">
      <class name="com.EcommerseApplication.testCases.SearchTest">
        <test-method is-config="true" signature="beforesuite()[pri:0, instance:com.EcommerseApplication.testCases.SearchTest@595b007d]" started-at="2023-06-16T18:51:10 IST" name="beforesuite" finished-at="2023-06-16T18:51:10 IST" duration-ms="168" status="PASS">
          <reporter-output>
          </reporter-output>
        </test-method> <!-- beforesuite -->
        <test-method is-config="true" signature="setUp(java.lang.String)[pri:0, instance:com.EcommerseApplication.testCases.SearchTest@595b007d]" started-at="2023-06-16T18:51:10 IST" name="setUp" finished-at="2023-06-16T18:51:23 IST" duration-ms="12775" status="PASS">
          <params>
            <param index="0">
              <value>
                <![CDATA[edge]]>
              </value>
            </param>
          </params>
          <reporter-output>
          </reporter-output>
        </test-method> <!-- setUp -->
        <test-method signature="Tc_001_verifySearchWithExistingProduct()[pri:1, instance:com.EcommerseApplication.testCases.SearchTest@595b007d]" started-at="2023-06-16T18:51:23 IST" name="Tc_001_verifySearchWithExistingProduct" finished-at="2023-06-16T18:51:24 IST" duration-ms="768" status="PASS">
          <reporter-output>
          </reporter-output>
        </test-method> <!-- Tc_001_verifySearchWithExistingProduct -->
        <test-method is-config="true" signature="tearDown()[pri:0, instance:com.EcommerseApplication.testCases.SearchTest@595b007d]" started-at="2023-06-16T18:51:24 IST" name="tearDown" finished-at="2023-06-16T18:51:25 IST" duration-ms="610" status="PASS">
          <reporter-output>
          </reporter-output>
        </test-method> <!-- tearDown -->
        <test-method is-config="true" signature="setUp(java.lang.String)[pri:0, instance:com.EcommerseApplication.testCases.SearchTest@595b007d]" started-at="2023-06-16T18:51:25 IST" name="setUp" finished-at="2023-06-16T18:51:32 IST" duration-ms="7344" status="PASS">
          <params>
            <param index="0">
              <value>
                <![CDATA[edge]]>
              </value>
            </param>
          </params>
          <reporter-output>
          </reporter-output>
        </test-method> <!-- setUp -->
        <test-method signature="Tc_002_verifySearchWithNonExistingProduct()[pri:2, instance:com.EcommerseApplication.testCases.SearchTest@595b007d]" started-at="2023-06-16T18:51:32 IST" name="Tc_002_verifySearchWithNonExistingProduct" finished-at="2023-06-16T18:51:35 IST" duration-ms="3462" status="PASS">
          <reporter-output>
          </reporter-output>
        </test-method> <!-- Tc_002_verifySearchWithNonExistingProduct -->
        <test-method is-config="true" signature="tearDown()[pri:0, instance:com.EcommerseApplication.testCases.SearchTest@595b007d]" started-at="2023-06-16T18:51:35 IST" name="tearDown" finished-at="2023-06-16T18:51:36 IST" duration-ms="375" status="PASS">
          <reporter-output>
          </reporter-output>
        </test-method> <!-- tearDown -->
        <test-method is-config="true" signature="setUp(java.lang.String)[pri:0, instance:com.EcommerseApplication.testCases.SearchTest@595b007d]" started-at="2023-06-16T18:51:36 IST" name="setUp" finished-at="2023-06-16T18:51:41 IST" duration-ms="5521" status="PASS">
          <params>
            <param index="0">
              <value>
                <![CDATA[edge]]>
              </value>
            </param>
          </params>
          <reporter-output>
          </reporter-output>
        </test-method> <!-- setUp -->
        <test-method signature="Tc_003_verifySearchWithoutEntringProduct()[pri:3, instance:com.EcommerseApplication.testCases.SearchTest@595b007d]" started-at="2023-06-16T18:51:41 IST" name="Tc_003_verifySearchWithoutEntringProduct" finished-at="2023-06-16T18:51:45 IST" duration-ms="3444" status="PASS">
          <reporter-output>
          </reporter-output>
        </test-method> <!-- Tc_003_verifySearchWithoutEntringProduct -->
        <test-method is-config="true" signature="tearDown()[pri:0, instance:com.EcommerseApplication.testCases.SearchTest@595b007d]" started-at="2023-06-16T18:51:45 IST" name="tearDown" finished-at="2023-06-16T18:51:45 IST" duration-ms="330" status="PASS">
          <reporter-output>
          </reporter-output>
        </test-method> <!-- tearDown -->
        <test-method is-config="true" signature="setUp(java.lang.String)[pri:0, instance:com.EcommerseApplication.testCases.SearchTest@595b007d]" started-at="2023-06-16T18:51:45 IST" name="setUp" finished-at="2023-06-16T18:51:52 IST" duration-ms="6639" status="PASS">
          <params>
            <param index="0">
              <value>
                <![CDATA[edge]]>
              </value>
            </param>
          </params>
          <reporter-output>
          </reporter-output>
        </test-method> <!-- setUp -->
        <test-method signature="Tc_006_verifySearchWithoutEntringProductForPlaceholder()[pri:5, instance:com.EcommerseApplication.testCases.SearchTest@595b007d]" started-at="2023-06-16T18:51:52 IST" name="Tc_006_verifySearchWithoutEntringProductForPlaceholder" finished-at="2023-06-16T18:51:55 IST" duration-ms="3554" status="PASS">
          <reporter-output>
          </reporter-output>
        </test-method> <!-- Tc_006_verifySearchWithoutEntringProductForPlaceholder -->
        <test-method is-config="true" signature="tearDown()[pri:0, instance:com.EcommerseApplication.testCases.SearchTest@595b007d]" started-at="2023-06-16T18:51:55 IST" name="tearDown" finished-at="2023-06-16T18:51:56 IST" duration-ms="317" status="PASS">
          <reporter-output>
          </reporter-output>
        </test-method> <!-- tearDown -->
        <test-method is-config="true" signature="setUp(java.lang.String)[pri:0, instance:com.EcommerseApplication.testCases.SearchTest@595b007d]" started-at="2023-06-16T18:51:56 IST" name="setUp" finished-at="2023-06-16T18:52:03 IST" duration-ms="7563" status="PASS">
          <params>
            <param index="0">
              <value>
                <![CDATA[edge]]>
              </value>
            </param>
          </params>
          <reporter-output>
          </reporter-output>
        </test-method> <!-- setUp -->
        <test-method signature="TC_Sf_007_Searchusing_serachcriteria_textbox()[pri:6, instance:com.EcommerseApplication.testCases.SearchTest@595b007d]" started-at="2023-06-16T18:52:03 IST" name="TC_Sf_007_Searchusing_serachcriteria_textbox" finished-at="2023-06-16T18:52:07 IST" duration-ms="4087" status="PASS">
          <reporter-output>
          </reporter-output>
        </test-method> <!-- TC_Sf_007_Searchusing_serachcriteria_textbox -->
        <test-method is-config="true" signature="tearDown()[pri:0, instance:com.EcommerseApplication.testCases.SearchTest@595b007d]" started-at="2023-06-16T18:52:07 IST" name="tearDown" finished-at="2023-06-16T18:52:08 IST" duration-ms="450" status="PASS">
          <reporter-output>
          </reporter-output>
        </test-method> <!-- tearDown -->
      </class> <!-- com.EcommerseApplication.testCases.SearchTest -->
    </test> <!-- CrossBrowser -->
  </suite> <!-- Suite -->
</testng-results>
