<?xml version="1.0" encoding="UTF-8"?>
<testng-results ignored="10" total="11" passed="1" failed="0" skipped="0">
  <reporter-output>
  </reporter-output>
  <suite started-at="2023-06-05T16:42:35 IST" name="Default suite" finished-at="2023-06-05T16:42:48 IST" duration-ms="13218">
    <groups>
    </groups>
    <test started-at="2023-06-05T16:42:35 IST" name="Default test" finished-at="2023-06-05T16:42:48 IST" duration-ms="13218">
      <class name="com.EcommerseApplication.testCases.registerTest">
        <test-method is-config="true" signature="setUp()[pri:0, instance:com.EcommerseApplication.testCases.registerTest@6dc17b83]" started-at="2023-06-05T16:42:35 IST" name="setUp" finished-at="2023-06-05T16:42:43 IST" duration-ms="7910" status="PASS">
          <reporter-output>
          </reporter-output>
        </test-method> <!-- setUp -->
        <test-method signature="TC_RF_008_VerifyregisterFucnalityDiffrentpassAndPassconfirmisBlank()[pri:11, instance:com.EcommerseApplication.testCases.registerTest@6dc17b83]" started-at="2023-06-05T16:42:43 IST" name="TC_RF_008_VerifyregisterFucnalityDiffrentpassAndPassconfirmisBlank" finished-at="2023-06-05T16:42:48 IST" duration-ms="4880" status="PASS">
          <reporter-output>
          </reporter-output>
        </test-method> <!-- TC_RF_008_VerifyregisterFucnalityDiffrentpassAndPassconfirmisBlank -->
        <test-method is-config="true" signature="tearDown()[pri:0, instance:com.EcommerseApplication.testCases.registerTest@6dc17b83]" started-at="2023-06-05T16:42:48 IST" name="tearDown" finished-at="2023-06-05T16:42:48 IST" duration-ms="377" status="PASS">
          <reporter-output>
          </reporter-output>
        </test-method> <!-- tearDown -->
      </class> <!-- com.EcommerseApplication.testCases.registerTest -->
    </test> <!-- Default test -->
  </suite> <!-- Default suite -->
</testng-results>
