<?xml version="1.0" encoding="UTF-8"?>
<!-- Generated by org.testng.reporters.JUnitXMLReporter -->
<testsuite ignored="7" hostname="tejal" failures="0" tests="21" name="EcommerseApplication Test" time="178.74" errors="0" timestamp="2023-06-09T12:25:18 IST">
  <testcase classname="com.EcommerseApplication.testCases.registerTest" name="VerifyRegisterAccountWithMandetoryField" time="2.437"/>
  <testcase classname="com.EcommerseApplication.testCases.registerTest" name="VerifyRegisterAccountWithAllField" time="1.834"/>
  <testcase classname="com.EcommerseApplication.testCases.registerTest" name="verifyRegisterPageWithExsitingEmail" time="1.696"/>
  <testcase classname="com.EcommerseApplication.testCases.registerTest" name="verifyRegisterPageWithoutProvidingfeild" time="1.136"/>
  <testcase classname="com.EcommerseApplication.testCases.registerTest" name="Verify_Allfieldhave_proper_Placeholder" time="0.971"/>
  <testcase classname="com.EcommerseApplication.testCases.registerTest" name="Test_PrivacyPolicyCheckbox_notselected_Bydefault" time="0.918"/>
  <testcase classname="com.EcommerseApplication.testCases.registerTest" name="Test_RegisterAccount_withoutSelcting_privacyPolicycheckbox" time="4.707"/>
  <testcase classname="com.EcommerseApplication.testCases.registerTest" name="TC_Rf_025_VerifyBreadcrumb" time="0.48"/>
  <testcase classname="com.EcommerseApplication.testCases.registerTest" name="TC_RF_023_VerificationOfOtherNavigationPageLink" time="4.154"/>
  <testcase classname="com.EcommerseApplication.testCases.registerTest" name="TC_RF_008_VerifyregisterFucnalityDiffrentpassAndPassconfirm" time="1.531"/>
  <testcase classname="com.EcommerseApplication.testCases.registerTest" name="TC_RF_008_VerifyregisterFucnalityDiffrentpassAndPassconfirmisBlank" time="4.449"/>
  <testcase classname="com.EcommerseApplication.testCases.loginTest" name="Login" time="0.55"/>
  <testcase classname="com.EcommerseApplication.testCases.loginTest" name="Login" time="0.504"/>
  <testcase classname="com.EcommerseApplication.testCases.loginTest" name="Login" time="0.509"/>
  <testcase classname="com.EcommerseApplication.testCases.loginTest" name="Login" time="0.616"/>
  <testcase classname="com.EcommerseApplication.testCases.loginTest" name="Login" time="0.505"/>
  <testcase classname="com.EcommerseApplication.testCases.loginTest" name="TC_LF_006_Forgottenpassword" time="0.413"/>
  <testcase classname="com.EcommerseApplication.testCases.loginTest" name="TC_LF_008_PlaceholderVisibilityTest" time="5.089"/>
  <testcase classname="com.EcommerseApplication.testCases.SearchTest" name="verifySearchWithExistingProduct" time="0.48"/>
  <testcase classname="com.EcommerseApplication.testCases.SearchTest" name="verifySearchWithNonExistingProduct" time="3.489"/>
  <testcase classname="com.EcommerseApplication.testCases.SearchTest" name="verifySearchWithoutEntringProduct" time="3.341"/>
  <testcase classname="com.EcommerseApplication.testCases.loginTest" name="verifyLoginWithInvalidCredentials" time="0.0">
    <ignored/>
  </testcase> <!-- verifyLoginWithInvalidCredentials -->
  <testcase classname="com.EcommerseApplication.BasePackage.BaseClass" name="@BeforeSuite beforesuite" time="0.0">
    <ignored/>
  </testcase> <!-- @BeforeSuite beforesuite -->
  <testcase classname="com.EcommerseApplication.BasePackage.BaseClass" name="@BeforeSuite beforesuite" time="0.0">
    <ignored/>
  </testcase> <!-- @BeforeSuite beforesuite -->
  <testcase classname="com.EcommerseApplication.testCases.loginTest" name="verifyLoginWithValidCredintials" time="0.0">
    <ignored/>
  </testcase> <!-- verifyLoginWithValidCredintials -->
  <testcase classname="com.EcommerseApplication.testCases.loginTest" name="verifyLoginWithInvalidEmailValidPassword" time="0.0">
    <ignored/>
  </testcase> <!-- verifyLoginWithInvalidEmailValidPassword -->
  <testcase classname="com.EcommerseApplication.testCases.loginTest" name="verifyLoginWithValidEmailInvalidPassword" time="0.0">
    <ignored/>
  </testcase> <!-- verifyLoginWithValidEmailInvalidPassword -->
  <testcase classname="com.EcommerseApplication.testCases.loginTest" name="verifyLoginWithBlankEmailPassword" time="0.0">
    <ignored/>
  </testcase> <!-- verifyLoginWithBlankEmailPassword -->
</testsuite> <!-- EcommerseApplication Test -->
