<?xml version="1.0" encoding="UTF-8"?>
<!-- Generated by org.testng.reporters.JUnitXMLReporter -->
<testsuite ignored="0" hostname="tejal" failures="2" tests="3" name="EcommerseApplication Test" time="32.819" errors="0" timestamp="2023-06-03T11:24:31 IST">
  <testcase classname="com.EcommerseApplication.testCases.SearchTest" name="verifySearchWithExistingProduct" time="0.815"/>
  <testcase classname="com.EcommerseApplication.testCases.SearchTest" name="verifySearchWithNonExistingProduct" time="3.491">
    <failure type="java.lang.AssertionError" message="Warrning message does not displayed expected [There is no product that matches the search criteria12345.] but found [There is no product that matches the search criteria.]">
      <![CDATA[java.lang.AssertionError: Warrning message does not displayed expected [There is no product that matches the search criteria12345.] but found [There is no product that matches the search criteria.]
at com.EcommerseApplication.testCases.SearchTest.verifySearchWithNonExistingProduct(SearchTest.java:55)
at java.base/java.util.ArrayList.forEach(ArrayList.java:1511)
... Removed 30 stack frames]]>
    </failure>
  </testcase> <!-- verifySearchWithNonExistingProduct -->
  <testcase classname="com.EcommerseApplication.testCases.SearchTest" name="verifySearchWithoutEntringProduct" time="3.377">
    <failure type="java.lang.AssertionError" message="no search product does not displayed expected [There is no product that matches the search criteria12345.] but found [There is no product that matches the search criteria.]">
      <![CDATA[java.lang.AssertionError: no search product does not displayed expected [There is no product that matches the search criteria12345.] but found [There is no product that matches the search criteria.]
at com.EcommerseApplication.testCases.SearchTest.verifySearchWithoutEntringProduct(SearchTest.java:69)
at java.base/java.util.ArrayList.forEach(ArrayList.java:1511)
... Removed 30 stack frames]]>
    </failure>
  </testcase> <!-- verifySearchWithoutEntringProduct -->
</testsuite> <!-- EcommerseApplication Test -->
