<?xml version="1.0" encoding="UTF-8"?>
<!-- Generated by org.testng.reporters.JUnitXMLReporter -->
<testsuite ignored="8" hostname="tejal" failures="0" tests="0" time="0.013" errors="0" timestamp="2023-06-07T14:52:52 IST">
  <testcase classname="com.EcommerseApplication.testCases.loginTest" name="verifyLoginWithInvalidCredentials" time="0.0">
    <ignored/>
  </testcase> <!-- verifyLoginWithInvalidCredentials -->
  <testcase classname="com.EcommerseApplication.testCases.loginTest" name="verifyLoginWithValidCredintials" time="0.0">
    <ignored/>
  </testcase> <!-- verifyLoginWithValidCredintials -->
  <testcase classname="com.EcommerseApplication.testCases.loginTest" name="TC_LF_006_Forgottenpassword" time="0.0">
    <ignored/>
  </testcase> <!-- TC_LF_006_Forgottenpassword -->
  <testcase classname="com.EcommerseApplication.testCases.loginTest" name="verifyLoginWithInvalidEmailValidPassword" time="0.0">
    <ignored/>
  </testcase> <!-- verifyLoginWithInvalidEmailValidPassword -->
  <testcase classname="com.EcommerseApplication.testCases.loginTest" name="TC_LF_008_PlaceholderVisibilityTest" time="0.0">
    <ignored/>
  </testcase> <!-- TC_LF_008_PlaceholderVisibilityTest -->
  <testcase classname="com.EcommerseApplication.testCases.loginTest" name="Login" time="0.0">
    <ignored/>
  </testcase> <!-- Login -->
  <testcase classname="com.EcommerseApplication.testCases.loginTest" name="verifyLoginWithValidEmailInvalidPassword" time="0.0">
    <ignored/>
  </testcase> <!-- verifyLoginWithValidEmailInvalidPassword -->
  <testcase classname="com.EcommerseApplication.testCases.loginTest" name="verifyLoginWithBlankEmailPassword" time="0.0">
    <ignored/>
  </testcase> <!-- verifyLoginWithBlankEmailPassword -->
</testsuite>
