<?xml version="1.0" encoding="UTF-8"?>
<testng-results ignored="0" total="3" passed="3" failed="0" skipped="0">
  <reporter-output>
  </reporter-output>
  <suite started-at="2023-06-09T14:17:51 IST" name="EcommerseApplication Suite" finished-at="2023-06-09T14:18:52 IST" duration-ms="61162">
    <groups>
    </groups>
    <test started-at="2023-06-09T14:17:51 IST" name="EcommerseApplication Test" finished-at="2023-06-09T14:18:52 IST" duration-ms="61162">
      <class name="com.EcommerseApplication.testCases.SearchTest">
        <test-method is-config="true" signature="beforesuite()[pri:0, instance:com.EcommerseApplication.testCases.SearchTest@d4342c2]" started-at="2023-06-09T14:17:50 IST" name="beforesuite" finished-at="2023-06-09T14:17:51 IST" duration-ms="214" status="PASS">
          <reporter-output>
          </reporter-output>
        </test-method> <!-- beforesuite -->
        <test-method is-config="true" signature="setUp()[pri:0, instance:com.EcommerseApplication.testCases.SearchTest@d4342c2]" started-at="2023-06-09T14:17:51 IST" name="setUp" finished-at="2023-06-09T14:18:22 IST" duration-ms="30958" status="PASS">
          <reporter-output>
          </reporter-output>
        </test-method> <!-- setUp -->
        <test-method signature="verifySearchWithExistingProduct()[pri:1, instance:com.EcommerseApplication.testCases.SearchTest@d4342c2]" started-at="2023-06-09T14:18:22 IST" name="verifySearchWithExistingProduct" finished-at="2023-06-09T14:18:24 IST" duration-ms="2129" status="PASS">
          <reporter-output>
          </reporter-output>
        </test-method> <!-- verifySearchWithExistingProduct -->
        <test-method is-config="true" signature="tearDown()[pri:0, instance:com.EcommerseApplication.testCases.SearchTest@d4342c2]" started-at="2023-06-09T14:18:24 IST" name="tearDown" finished-at="2023-06-09T14:18:25 IST" duration-ms="901" status="PASS">
          <reporter-output>
          </reporter-output>
        </test-method> <!-- tearDown -->
        <test-method is-config="true" signature="setUp()[pri:0, instance:com.EcommerseApplication.testCases.SearchTest@d4342c2]" started-at="2023-06-09T14:18:25 IST" name="setUp" finished-at="2023-06-09T14:18:34 IST" duration-ms="8789" status="PASS">
          <reporter-output>
          </reporter-output>
        </test-method> <!-- setUp -->
        <test-method signature="verifySearchWithNonExistingProduct()[pri:2, instance:com.EcommerseApplication.testCases.SearchTest@d4342c2]" started-at="2023-06-09T14:18:34 IST" name="verifySearchWithNonExistingProduct" finished-at="2023-06-09T14:18:39 IST" duration-ms="4602" status="PASS">
          <reporter-output>
          </reporter-output>
        </test-method> <!-- verifySearchWithNonExistingProduct -->
        <test-method is-config="true" signature="tearDown()[pri:0, instance:com.EcommerseApplication.testCases.SearchTest@d4342c2]" started-at="2023-06-09T14:18:39 IST" name="tearDown" finished-at="2023-06-09T14:18:41 IST" duration-ms="2188" status="PASS">
          <reporter-output>
          </reporter-output>
        </test-method> <!-- tearDown -->
        <test-method is-config="true" signature="setUp()[pri:0, instance:com.EcommerseApplication.testCases.SearchTest@d4342c2]" started-at="2023-06-09T14:18:41 IST" name="setUp" finished-at="2023-06-09T14:18:48 IST" duration-ms="7263" status="PASS">
          <reporter-output>
          </reporter-output>
        </test-method> <!-- setUp -->
        <test-method signature="verifySearchWithoutEntringProduct()[pri:3, instance:com.EcommerseApplication.testCases.SearchTest@d4342c2]" started-at="2023-06-09T14:18:48 IST" name="verifySearchWithoutEntringProduct" finished-at="2023-06-09T14:18:51 IST" duration-ms="3354" status="PASS">
          <reporter-output>
          </reporter-output>
        </test-method> <!-- verifySearchWithoutEntringProduct -->
        <test-method is-config="true" signature="tearDown()[pri:0, instance:com.EcommerseApplication.testCases.SearchTest@d4342c2]" started-at="2023-06-09T14:18:51 IST" name="tearDown" finished-at="2023-06-09T14:18:52 IST" duration-ms="371" status="PASS">
          <reporter-output>
          </reporter-output>
        </test-method> <!-- tearDown -->
      </class> <!-- com.EcommerseApplication.testCases.SearchTest -->
    </test> <!-- EcommerseApplication Test -->
  </suite> <!-- EcommerseApplication Suite -->
</testng-results>
