<?xml version="1.0" encoding="UTF-8"?>
<testsuite xmlns:xsi="http://www.w3.org/2001/XMLSchema-instance" xsi:noNamespaceSchemaLocation="https://maven.apache.org/surefire/maven-surefire-plugin/xsd/surefire-test-report.xsd" name="TestSuite" time="37.155" tests="3" errors="0" skipped="0" failures="0">
  <properties>
[...]
</properties>
  <testcase name="verifySearchWithExistingProduct" classname="com.EcommerseApplication.testCases.SearchTest" time="0.874"/>
  <testcase name="verifySearchWithNonExistingProduct" classname="com.EcommerseApplication.testCases.SearchTest" time="3.629"/>
  <testcase name="verifySearchWithoutEntringProduct" classname="com.EcommerseApplication.testCases.SearchTest" time="3.531"/>
</testsuite>