<?xml version="1.0" encoding="UTF-8"?>
<testsuite xmlns:xsi="http://www.w3.org/2001/XMLSchema-instance" xsi:noNamespaceSchemaLocation="https://maven.apache.org/surefire/maven-surefire-plugin/xsd/surefire-test-report.xsd" name="TestSuite" time="237.926" tests="19" errors="0" skipped="1" failures="0">
  <properties>
[...]
</properties>
  <testcase name="VerifyRegisterAccountWithMandetoryField" classname="com.EcommerseApplication.testCases.registerTest" time="4.576"/>
  <testcase name="VerifyRegisterAccountWithAllField" classname="com.EcommerseApplication.testCases.registerTest" time="3.647"/>
  <testcase name="verifyRegisterPageWithExsitingEmail" classname="com.EcommerseApplication.testCases.registerTest" time="3.143"/>
  <testcase name="verifyRegisterPageWithoutProvidingfeild" classname="com.EcommerseApplication.testCases.registerTest" time="2.058"/>
  <testcase name="Verify_Allfieldhave_proper_Placeholder" classname="com.EcommerseApplication.testCases.registerTest" time="1.714"/>
  <testcase name="Test_PrivacyPolicyCheckbox_notselected_Bydefault" classname="com.EcommerseApplication.testCases.registerTest" time="1.138"/>
  <testcase name="Test_RegisterAccount_withoutSelcting_privacyPolicycheckbox" classname="com.EcommerseApplication.testCases.registerTest" time="5.355"/>
  <testcase name="TC_Rf_025_VerifyBreadcrumb" classname="com.EcommerseApplication.testCases.registerTest" time="1.228"/>
  <testcase name="TC_RF_023_VerificationOfOtherNavigationPageLink" classname="com.EcommerseApplication.testCases.registerTest" time="5.785"/>
  <testcase name="TC_RF_008_VerifyregisterFucnalityDiffrentpassAndPassconfirm" classname="com.EcommerseApplication.testCases.registerTest" time="1.919"/>
  <testcase name="TC_RF_008_VerifyregisterFucnalityDiffrentpassAndPassconfirmisBlank" classname="com.EcommerseApplication.testCases.registerTest" time="4.99"/>
  <testcase name="Tc_001_verifySearchWithExistingProduct" classname="com.EcommerseApplication.testCases.SearchTest" time="1.78"/>
  <testcase name="Tc_002_verifySearchWithNonExistingProduct" classname="com.EcommerseApplication.testCases.SearchTest" time="4.085"/>
  <testcase name="Tc_003_verifySearchWithoutEntringProduct" classname="com.EcommerseApplication.testCases.SearchTest" time="3.606"/>
  <testcase name="Tc_006_verifySearchWithoutEntringProductForPlaceholder" classname="com.EcommerseApplication.testCases.SearchTest" time="3.77"/>
  <testcase name="TC_Sf_007_Searchusing_serachcriteria_textbox" classname="com.EcommerseApplication.testCases.SearchTest" time="4.627"/>
  <testcase name="Login" classname="com.EcommerseApplication.testCases.loginTest" time="0">
    <skipped message="java.lang.NullPointerException: Cannot invoke &quot;org.apache.poi.xssf.usermodel.XSSFWorkbook.getSheet(String)&quot; because &quot;workbook&quot; is null"/>
    <system-out><![CDATA[2024-03-26 15:24:51 INFO  Log:22 - Browser Got closed
]]></system-out>
    <system-err><![CDATA[java.io.FileNotFoundException: C:\Users\sai\git\EcommerseAutomation\EcommerseApplication2\src\main\java\com\EcommerseApplication\TestData\Testdata.xlsx (The system cannot find the file specified)
	at java.base/java.io.FileInputStream.open0(Native Method)
	at java.base/java.io.FileInputStream.open(FileInputStream.java:219)
	at java.base/java.io.FileInputStream.<init>(FileInputStream.java:158)
	at java.base/java.io.FileInputStream.<init>(FileInputStream.java:112)
	at com.EcommerseApplication.utilis.utilities.getTestDataFromExcel(utilities.java:35)
	at com.EcommerseApplication.testCases.loginTest.supplyTestData(loginTest.java:55)
	at java.base/jdk.internal.reflect.DirectMethodHandleAccessor.invoke(DirectMethodHandleAccessor.java:104)
	at java.base/java.lang.reflect.Method.invoke(Method.java:578)
	at org.testng.internal.MethodInvocationHelper.invokeMethod(MethodInvocationHelper.java:133)
	at org.testng.internal.MethodInvocationHelper.invokeMethod(MethodInvocationHelper.java:77)
	at org.testng.internal.MethodInvocationHelper.invokeMethodNoCheckedException(MethodInvocationHelper.java:46)
	at org.testng.internal.MethodInvocationHelper.invokeDataProvider(MethodInvocationHelper.java:146)
	at org.testng.internal.Parameters.handleParameters(Parameters.java:798)
	at org.testng.internal.Parameters.handleParameters(Parameters.java:740)
	at org.testng.internal.ParameterHandler.handleParameters(ParameterHandler.java:59)
	at org.testng.internal.ParameterHandler.createParameters(ParameterHandler.java:38)
	at org.testng.internal.TestInvoker$MethodInvocationAgent.invoke(TestInvoker.java:791)
	at org.testng.internal.TestInvoker.invokeTestMethods(TestInvoker.java:146)
	at org.testng.internal.TestMethodWorker.invokeTestMethods(TestMethodWorker.java:146)
	at org.testng.internal.TestMethodWorker.run(TestMethodWorker.java:128)
	at java.base/java.util.ArrayList.forEach(ArrayList.java:1511)
	at org.testng.TestRunner.privateRun(TestRunner.java:794)
	at org.testng.TestRunner.run(TestRunner.java:596)
	at org.testng.SuiteRunner.runTest(SuiteRunner.java:377)
	at org.testng.SuiteRunner.runSequentially(SuiteRunner.java:371)
	at org.testng.SuiteRunner.privateRun(SuiteRunner.java:332)
	at org.testng.SuiteRunner.run(SuiteRunner.java:276)
	at org.testng.SuiteRunnerWorker.runSuite(SuiteRunnerWorker.java:53)
	at org.testng.SuiteRunnerWorker.run(SuiteRunnerWorker.java:96)
	at org.testng.TestNG.runSuitesSequentially(TestNG.java:1212)
	at org.testng.TestNG.runSuitesLocally(TestNG.java:1134)
	at org.testng.TestNG.runSuites(TestNG.java:1063)
	at org.testng.TestNG.run(TestNG.java:1031)
	at org.apache.maven.surefire.testng.TestNGExecutor.run(TestNGExecutor.java:283)
	at org.apache.maven.surefire.testng.TestNGXmlTestSuite.execute(TestNGXmlTestSuite.java:75)
	at org.apache.maven.surefire.testng.TestNGProvider.invoke(TestNGProvider.java:120)
	at org.apache.maven.surefire.booter.ForkedBooter.invokeProviderInSameClassLoader(ForkedBooter.java:386)
	at org.apache.maven.surefire.booter.ForkedBooter.runSuitesInProcess(ForkedBooter.java:323)
	at org.apache.maven.surefire.booter.ForkedBooter.main(ForkedBooter.java:143)
[Utils] [ERROR] [Error] java.lang.NullPointerException: Cannot invoke &quot;org.apache.poi.xssf.usermodel.XSSFWorkbook.getSheet(String)&quot; because &quot;workbook&quot; is null
	at com.EcommerseApplication.utilis.utilities.getTestDataFromExcel(utilities.java:42)
	at com.EcommerseApplication.testCases.loginTest.supplyTestData(loginTest.java:55)
	at java.base/jdk.internal.reflect.DirectMethodHandleAccessor.invoke(DirectMethodHandleAccessor.java:104)
	at java.base/java.lang.reflect.Method.invoke(Method.java:578)
	at org.testng.internal.MethodInvocationHelper.invokeMethod(MethodInvocationHelper.java:133)
	at org.testng.internal.MethodInvocationHelper.invokeMethod(MethodInvocationHelper.java:77)
	at org.testng.internal.MethodInvocationHelper.invokeMethodNoCheckedException(MethodInvocationHelper.java:46)
	at org.testng.internal.MethodInvocationHelper.invokeDataProvider(MethodInvocationHelper.java:146)
	at org.testng.internal.Parameters.handleParameters(Parameters.java:798)
	at org.testng.internal.Parameters.handleParameters(Parameters.java:740)
	at org.testng.internal.ParameterHandler.handleParameters(ParameterHandler.java:59)
	at org.testng.internal.ParameterHandler.createParameters(ParameterHandler.java:38)
	at org.testng.internal.TestInvoker$MethodInvocationAgent.invoke(TestInvoker.java:791)
	at org.testng.internal.TestInvoker.invokeTestMethods(TestInvoker.java:146)
	at org.testng.internal.TestMethodWorker.invokeTestMethods(TestMethodWorker.java:146)
	at org.testng.internal.TestMethodWorker.run(TestMethodWorker.java:128)
	at java.base/java.util.ArrayList.forEach(ArrayList.java:1511)
	at org.testng.TestRunner.privateRun(TestRunner.java:794)
	at org.testng.TestRunner.run(TestRunner.java:596)
	at org.testng.SuiteRunner.runTest(SuiteRunner.java:377)
	at org.testng.SuiteRunner.runSequentially(SuiteRunner.java:371)
	at org.testng.SuiteRunner.privateRun(SuiteRunner.java:332)
	at org.testng.SuiteRunner.run(SuiteRunner.java:276)
	at org.testng.SuiteRunnerWorker.runSuite(SuiteRunnerWorker.java:53)
	at org.testng.SuiteRunnerWorker.run(SuiteRunnerWorker.java:96)
	at org.testng.TestNG.runSuitesSequentially(TestNG.java:1212)
	at org.testng.TestNG.runSuitesLocally(TestNG.java:1134)
	at org.testng.TestNG.runSuites(TestNG.java:1063)
	at org.testng.TestNG.run(TestNG.java:1031)
	at org.apache.maven.surefire.testng.TestNGExecutor.run(TestNGExecutor.java:283)
	at org.apache.maven.surefire.testng.TestNGXmlTestSuite.execute(TestNGXmlTestSuite.java:75)
	at org.apache.maven.surefire.testng.TestNGProvider.invoke(TestNGProvider.java:120)
	at org.apache.maven.surefire.booter.ForkedBooter.invokeProviderInSameClassLoader(ForkedBooter.java:386)
	at org.apache.maven.surefire.booter.ForkedBooter.runSuitesInProcess(ForkedBooter.java:323)
	at org.apache.maven.surefire.booter.ForkedBooter.main(ForkedBooter.java:143)

]]></system-err>
  </testcase>
  <testcase name="TC_LF_006_Forgottenpassword" classname="com.EcommerseApplication.testCases.loginTest" time="0.549"/>
  <testcase name="TC_LF_008_PlaceholderVisibilityTest" classname="com.EcommerseApplication.testCases.loginTest" time="5.098"/>
</testsuite>